<?xml version="1.0" encoding="UTF-8"?>
<testsuite xmlns:xsi="http://www.w3.org/2001/XMLSchema-instance" xsi:noNamespaceSchemaLocation="https://maven.apache.org/surefire/maven-surefire-plugin/xsd/surefire-test-report.xsd" name="ir.ac.kntu.style.CheckStyleTest" time="0.546" tests="2" errors="0" skipped="0" failures="2">
  <properties>
[...]
</properties>
  <testcase name="testCheckStyleIndentation" classname="ir.ac.kntu.style.CheckStyleTest" time="0.45">
    <failure message="3 check style errors found. Starting audit...&#10;[ERROR] D:\Java\prj1\p1-Golestan\src\main\java\ir\ac\kntu\Main.java:8:5: Method length is 182 lines (max allowed is 50). [MethodLength]&#10;[ERROR] D:\Java\prj1\p1-Golestan\src\main\java\ir\ac\kntu\Main.java:132:40: Must have at least one statement. [EmptyBlock]&#10;[ERROR] D:\Java\prj1\p1-Golestan\src\main\java\ir\ac\kntu\Student.java:80:13: &apos;method def&apos; child has incorrect indentation level 12, expected level should be 8. [Indentation]&#10;Audit done.&#10;" type="java.lang.AssertionError">java.lang.AssertionError: 
3 check style errors found. Starting audit...
[ERROR] D:\Java\prj1\p1-Golestan\src\main\java\ir\ac\kntu\Main.java:8:5: Method length is 182 lines (max allowed is 50). [MethodLength]
[ERROR] D:\Java\prj1\p1-Golestan\src\main\java\ir\ac\kntu\Main.java:132:40: Must have at least one statement. [EmptyBlock]
[ERROR] D:\Java\prj1\p1-Golestan\src\main\java\ir\ac\kntu\Student.java:80:13: 'method def' child has incorrect indentation level 12, expected level should be 8. [Indentation]
Audit done.

	at ir.ac.kntu.style.CheckStyleTest.testCheckStyleIndentation(CheckStyleTest.java:104)
</failure>
    <system-out><![CDATA[Root is set to "D:\Java\prj1\p1-Golestan\src\main".
Found 6 Java source files.
Found 3 check style errors.
Starting audit...
[ERROR] D:\Java\prj1\p1-Golestan\src\main\java\ir\ac\kntu\Main.java:8:5: Method length is 182 lines (max allowed is 50). [MethodLength]
[ERROR] D:\Java\prj1\p1-Golestan\src\main\java\ir\ac\kntu\Main.java:132:40: Must have at least one statement. [EmptyBlock]
[ERROR] D:\Java\prj1\p1-Golestan\src\main\java\ir\ac\kntu\Student.java:80:13: 'method def' child has incorrect indentation level 12, expected level should be 8. [Indentation]
Audit done.

]]></system-out>
  </testcase>
  <testcase name="testCheckStyleNaming" classname="ir.ac.kntu.style.CheckStyleTest" time="0.095">
    <failure message="3 check style errors found. Starting audit...&#10;[ERROR] D:\Java\prj1\p1-Golestan\src\main\java\ir\ac\kntu\CourseGroup.java:13:37: Name &apos;Schedule&apos; must match pattern &apos;^[a-z][a-zA-Z0-9]*$&apos;. [MemberName]&#10;[ERROR] D:\Java\prj1\p1-Golestan\src\main\java\ir\ac\kntu\Main.java:54:17: Name &apos;input_section&apos; must match pattern &apos;^[a-z][a-zA-Z0-9]*$&apos;. [LocalVariableName]&#10;[ERROR] D:\Java\prj1\p1-Golestan\src\main\java\ir\ac\kntu\Main.java:150:13: Name &apos;StudentOrProfessor&apos; must match pattern &apos;^[a-z][a-zA-Z0-9]*$&apos;. [LocalVariableName]&#10;Audit done.&#10;" type="java.lang.AssertionError">java.lang.AssertionError: 
3 check style errors found. Starting audit...
[ERROR] D:\Java\prj1\p1-Golestan\src\main\java\ir\ac\kntu\CourseGroup.java:13:37: Name 'Schedule' must match pattern '^[a-z][a-zA-Z0-9]*$'. [MemberName]
[ERROR] D:\Java\prj1\p1-Golestan\src\main\java\ir\ac\kntu\Main.java:54:17: Name 'input_section' must match pattern '^[a-z][a-zA-Z0-9]*$'. [LocalVariableName]
[ERROR] D:\Java\prj1\p1-Golestan\src\main\java\ir\ac\kntu\Main.java:150:13: Name 'StudentOrProfessor' must match pattern '^[a-z][a-zA-Z0-9]*$'. [LocalVariableName]
Audit done.

	at ir.ac.kntu.style.CheckStyleTest.testCheckStyleNaming(CheckStyleTest.java:175)
</failure>
    <system-out><![CDATA[Root is set to "D:\Java\prj1\p1-Golestan\src\main".
Found 6 Java source files.
Found 3 check style errors.
Starting audit...
[ERROR] D:\Java\prj1\p1-Golestan\src\main\java\ir\ac\kntu\CourseGroup.java:13:37: Name 'Schedule' must match pattern '^[a-z][a-zA-Z0-9]*$'. [MemberName]
[ERROR] D:\Java\prj1\p1-Golestan\src\main\java\ir\ac\kntu\Main.java:54:17: Name 'input_section' must match pattern '^[a-z][a-zA-Z0-9]*$'. [LocalVariableName]
[ERROR] D:\Java\prj1\p1-Golestan\src\main\java\ir\ac\kntu\Main.java:150:13: Name 'StudentOrProfessor' must match pattern '^[a-z][a-zA-Z0-9]*$'. [LocalVariableName]
Audit done.

]]></system-out>
  </testcase>
</testsuite>