<?xml version="1.0" encoding="UTF-8"?>
<testsuite xmlns:xsi="http://www.w3.org/2001/XMLSchema-instance" xsi:noNamespaceSchemaLocation="https://maven.apache.org/surefire/maven-surefire-plugin/xsd/surefire-test-report.xsd" name="ir.ac.kntu.style.CheckStyleTest" time="0.546" tests="2" errors="0" skipped="0" failures="2">
  <properties>
    <property name="java.specification.version" value="17"/>
    <property name="sun.cpu.isalist" value="amd64"/>
    <property name="sun.jnu.encoding" value="Cp1252"/>
    <property name="java.class.path" value="D:\Java\prj1\p1-Golestan\target\test-classes;D:\Java\prj1\p1-Golestan\target\classes;C:\Users\atoos\.m2\repository\junit\junit\4.13\junit-4.13.jar;C:\Users\atoos\.m2\repository\org\hamcrest\hamcrest-core\2.2\hamcrest-core-2.2.jar;C:\Users\atoos\.m2\repository\org\hamcrest\hamcrest\2.2\hamcrest-2.2.jar;C:\Users\atoos\.m2\repository\com\puppycrawl\tools\checkstyle\8.40\checkstyle-8.40.jar;C:\Users\atoos\.m2\repository\info\picocli\picocli\4.6.1\picocli-4.6.1.jar;C:\Users\atoos\.m2\repository\antlr\antlr\2.7.7\antlr-2.7.7.jar;C:\Users\atoos\.m2\repository\org\antlr\antlr4-runtime\4.9.1\antlr4-runtime-4.9.1.jar;C:\Users\atoos\.m2\repository\commons-beanutils\commons-beanutils\1.9.4\commons-beanutils-1.9.4.jar;C:\Users\atoos\.m2\repository\commons-logging\commons-logging\1.2\commons-logging-1.2.jar;C:\Users\atoos\.m2\repository\commons-collections\commons-collections\3.2.2\commons-collections-3.2.2.jar;C:\Users\atoos\.m2\repository\com\google\guava\guava\30.0-jre\guava-30.0-jre.jar;C:\Users\atoos\.m2\repository\com\google\guava\failureaccess\1.0.1\failureaccess-1.0.1.jar;C:\Users\atoos\.m2\repository\com\google\guava\listenablefuture\9999.0-empty-to-avoid-conflict-with-guava\listenablefuture-9999.0-empty-to-avoid-conflict-with-guava.jar;C:\Users\atoos\.m2\repository\com\google\code\findbugs\jsr305\3.0.2\jsr305-3.0.2.jar;C:\Users\atoos\.m2\repository\org\checkerframework\checker-qual\3.5.0\checker-qual-3.5.0.jar;C:\Users\atoos\.m2\repository\com\google\errorprone\error_prone_annotations\2.3.4\error_prone_annotations-2.3.4.jar;C:\Users\atoos\.m2\repository\com\google\j2objc\j2objc-annotations\1.3\j2objc-annotations-1.3.jar;C:\Users\atoos\.m2\repository\org\reflections\reflections\0.9.12\reflections-0.9.12.jar;C:\Users\atoos\.m2\repository\org\javassist\javassist\3.26.0-GA\javassist-3.26.0-GA.jar;C:\Users\atoos\.m2\repository\net\sf\saxon\Saxon-HE\10.3\Saxon-HE-10.3.jar;C:\Users\atoos\.m2\repository\net\sourceforge\pmd\pmd-java\6.31.0\pmd-java-6.31.0.jar;C:\Users\atoos\.m2\repository\net\sourceforge\saxon\saxon\9.1.0.8\saxon-9.1.0.8.jar;C:\Users\atoos\.m2\repository\org\ow2\asm\asm\9.0-beta\asm-9.0-beta.jar;C:\Users\atoos\.m2\repository\commons-io\commons-io\2.6\commons-io-2.6.jar;C:\Users\atoos\.m2\repository\org\apache\commons\commons-lang3\3.8.1\commons-lang3-3.8.1.jar;C:\Users\atoos\.m2\repository\net\sourceforge\pmd\pmd-core\6.32.0\pmd-core-6.32.0.jar;C:\Users\atoos\.m2\repository\com\beust\jcommander\1.48\jcommander-1.48.jar;C:\Users\atoos\.m2\repository\com\google\code\gson\gson\2.8.5\gson-2.8.5.jar;C:\Users\atoos\.m2\repository\net\sourceforge\saxon\saxon\9.1.0.8\saxon-9.1.0.8-dom.jar;C:\Users\atoos\.m2\repository\org\jetbrains\annotations\20.1.0\annotations-20.1.0.jar;"/>
    <property name="java.vm.vendor" value="Oracle Corporation"/>
    <property name="sun.arch.data.model" value="64"/>
    <property name="user.variant" value=""/>
    <property name="java.vendor.url" value="https://java.oracle.com/"/>
    <property name="user.timezone" value="Asia/Tehran"/>
    <property name="os.name" value="Windows 10"/>
    <property name="java.vm.specification.version" value="17"/>
    <property name="sun.java.launcher" value="SUN_STANDARD"/>
    <property name="user.country" value="US"/>
    <property name="sun.boot.library.path" value="C:\Program Files\Java\jdk-17.0.1\bin"/>
    <property name="sun.java.command" value="C:\Users\atoos\AppData\Local\Temp\surefire16765100241395956794\surefirebooter15314146142692023414.jar C:\Users\atoos\AppData\Local\Temp\surefire16765100241395956794 2021-12-09T20-16-23_405-jvmRun1 surefire16685201441763373564tmp surefire_03086240624572802227tmp"/>
    <property name="jdk.debug" value="release"/>
    <property name="surefire.test.class.path" value="D:\Java\prj1\p1-Golestan\target\test-classes;D:\Java\prj1\p1-Golestan\target\classes;C:\Users\atoos\.m2\repository\junit\junit\4.13\junit-4.13.jar;C:\Users\atoos\.m2\repository\org\hamcrest\hamcrest-core\2.2\hamcrest-core-2.2.jar;C:\Users\atoos\.m2\repository\org\hamcrest\hamcrest\2.2\hamcrest-2.2.jar;C:\Users\atoos\.m2\repository\com\puppycrawl\tools\checkstyle\8.40\checkstyle-8.40.jar;C:\Users\atoos\.m2\repository\info\picocli\picocli\4.6.1\picocli-4.6.1.jar;C:\Users\atoos\.m2\repository\antlr\antlr\2.7.7\antlr-2.7.7.jar;C:\Users\atoos\.m2\repository\org\antlr\antlr4-runtime\4.9.1\antlr4-runtime-4.9.1.jar;C:\Users\atoos\.m2\repository\commons-beanutils\commons-beanutils\1.9.4\commons-beanutils-1.9.4.jar;C:\Users\atoos\.m2\repository\commons-logging\commons-logging\1.2\commons-logging-1.2.jar;C:\Users\atoos\.m2\repository\commons-collections\commons-collections\3.2.2\commons-collections-3.2.2.jar;C:\Users\atoos\.m2\repository\com\google\guava\guava\30.0-jre\guava-30.0-jre.jar;C:\Users\atoos\.m2\repository\com\google\guava\failureaccess\1.0.1\failureaccess-1.0.1.jar;C:\Users\atoos\.m2\repository\com\google\guava\listenablefuture\9999.0-empty-to-avoid-conflict-with-guava\listenablefuture-9999.0-empty-to-avoid-conflict-with-guava.jar;C:\Users\atoos\.m2\repository\com\google\code\findbugs\jsr305\3.0.2\jsr305-3.0.2.jar;C:\Users\atoos\.m2\repository\org\checkerframework\checker-qual\3.5.0\checker-qual-3.5.0.jar;C:\Users\atoos\.m2\repository\com\google\errorprone\error_prone_annotations\2.3.4\error_prone_annotations-2.3.4.jar;C:\Users\atoos\.m2\repository\com\google\j2objc\j2objc-annotations\1.3\j2objc-annotations-1.3.jar;C:\Users\atoos\.m2\repository\org\reflections\reflections\0.9.12\reflections-0.9.12.jar;C:\Users\atoos\.m2\repository\org\javassist\javassist\3.26.0-GA\javassist-3.26.0-GA.jar;C:\Users\atoos\.m2\repository\net\sf\saxon\Saxon-HE\10.3\Saxon-HE-10.3.jar;C:\Users\atoos\.m2\repository\net\sourceforge\pmd\pmd-java\6.31.0\pmd-java-6.31.0.jar;C:\Users\atoos\.m2\repository\net\sourceforge\saxon\saxon\9.1.0.8\saxon-9.1.0.8.jar;C:\Users\atoos\.m2\repository\org\ow2\asm\asm\9.0-beta\asm-9.0-beta.jar;C:\Users\atoos\.m2\repository\commons-io\commons-io\2.6\commons-io-2.6.jar;C:\Users\atoos\.m2\repository\org\apache\commons\commons-lang3\3.8.1\commons-lang3-3.8.1.jar;C:\Users\atoos\.m2\repository\net\sourceforge\pmd\pmd-core\6.32.0\pmd-core-6.32.0.jar;C:\Users\atoos\.m2\repository\com\beust\jcommander\1.48\jcommander-1.48.jar;C:\Users\atoos\.m2\repository\com\google\code\gson\gson\2.8.5\gson-2.8.5.jar;C:\Users\atoos\.m2\repository\net\sourceforge\saxon\saxon\9.1.0.8\saxon-9.1.0.8-dom.jar;C:\Users\atoos\.m2\repository\org\jetbrains\annotations\20.1.0\annotations-20.1.0.jar;"/>
    <property name="sun.cpu.endian" value="little"/>
    <property name="user.home" value="C:\Users\atoos"/>
    <property name="user.language" value="en"/>
    <property name="java.specification.vendor" value="Oracle Corporation"/>
    <property name="java.version.date" value="2021-10-19"/>
    <property name="java.home" value="C:\Program Files\Java\jdk-17.0.1"/>
    <property name="file.separator" value="\"/>
    <property name="basedir" value="D:\Java\prj1\p1-Golestan"/>
    <property name="java.vm.compressedOopsMode" value="32-bit"/>
    <property name="line.separator" value="&#10;"/>
    <property name="java.vm.specification.vendor" value="Oracle Corporation"/>
    <property name="java.specification.name" value="Java Platform API Specification"/>
    <property name="surefire.real.class.path" value="C:\Users\atoos\AppData\Local\Temp\surefire16765100241395956794\surefirebooter15314146142692023414.jar"/>
    <property name="user.script" value=""/>
    <property name="sun.management.compiler" value="HotSpot 64-Bit Tiered Compilers"/>
    <property name="java.runtime.version" value="17.0.1+12-LTS-39"/>
    <property name="user.name" value="atoos"/>
    <property name="path.separator" value=";"/>
    <property name="os.version" value="10.0"/>
    <property name="java.runtime.name" value="Java(TM) SE Runtime Environment"/>
    <property name="file.encoding" value="Cp1252"/>
    <property name="java.vm.name" value="Java HotSpot(TM) 64-Bit Server VM"/>
    <property name="localRepository" value="C:\Users\atoos\.m2\repository"/>
    <property name="java.vendor.url.bug" value="https://bugreport.java.com/bugreport/"/>
    <property name="java.io.tmpdir" value="C:\Users\atoos\AppData\Local\Temp\"/>
    <property name="java.version" value="17.0.1"/>
    <property name="user.dir" value="D:\Java\prj1\p1-Golestan"/>
    <property name="os.arch" value="amd64"/>
    <property name="java.vm.specification.name" value="Java Virtual Machine Specification"/>
    <property name="sun.os.patch.level" value=""/>
    <property name="native.encoding" value="Cp1252"/>
    <property name="java.library.path" value="C:\Program Files\Java\jdk-17.0.1\bin;C:\windows\Sun\Java\bin;C:\windows\system32;C:\windows;C:\SPB_Data\bin;C:\Program Files\Git\mingw64\bin;C:\Program Files\Git\usr\local\bin;C:\Program Files\Git\usr\bin;C:\Program Files\Git\usr\bin;C:\Program Files\Git\mingw64\bin;C:\Program Files\Git\usr\bin;C:\SPB_Data\bin;C:\Program Files\Java\jdk-17.0.1\bin; C;C:\Program Files\Git\apache-maven-3.8.4\bin;C:\apache-maven-3.8.4\bin;C:\Program Files\Common Files\Oracle\Java\javapath;C:\ProgramData\Oracle\Java\javapath;C:\Program Files\Java\jdk-17.0.1\bin;C:\Program Files\Java\jre1.8.0_162\bin;C:\windows\system32;C:\windows;C:\windows\System32\Wbem;C:\windows\System32\WindowsPowerShell\v1.0;C:\windows\System32\OpenSSH;C:\Program Files\MATLAB\R2018b\runtime\win64;C:\Program Files\MATLAB\R2018b\bin;C:\Program Files\PuTTY;C:\Program Files\Git\cmd;C:\Program Files\Java\jdk-17.0.1\bin;C:\apache-maven-3.8.4\bin;C:\Users\atoos\AppData\Local\Programs\Python\Python310\Scripts;C:\Users\atoos\AppData\Local\Programs\Python\Python310;C:\Users\atoos\AppData\Local\Microsoft\WindowsApps;C:\Users\atoos\AppData\Local\atom\bin;C:\Users\atoos\AppData\Local\GitHubDesktop\bin;C:\Program Files\JetBrains\IntelliJ IDEA 2021.2.3\bin;C:\Program Files\JetBrains\PyCharm Community Edition 2021.2.3\bin;C:\Program Files\JetBrains\IntelliJ IDEA Community Edition 2021.2.3\bin;C:\Program Files\Git\usr\bin\vendor_perl;C:\Program Files\Git\usr\bin\core_perl;."/>
    <property name="java.vm.info" value="mixed mode, sharing"/>
    <property name="java.vendor" value="Oracle Corporation"/>
    <property name="java.vm.version" value="17.0.1+12-LTS-39"/>
    <property name="sun.io.unicode.encoding" value="UnicodeLittle"/>
    <property name="java.class.version" value="61.0"/>
  </properties>
  <testcase name="testCheckStyleIndentation" classname="ir.ac.kntu.style.CheckStyleTest" time="0.45">
    <failure message="3 check style errors found. Starting audit...&#10;[ERROR] D:\Java\prj1\p1-Golestan\src\main\java\ir\ac\kntu\Main.java:8:5: Method length is 182 lines (max allowed is 50). [MethodLength]&#10;[ERROR] D:\Java\prj1\p1-Golestan\src\main\java\ir\ac\kntu\Main.java:132:40: Must have at least one statement. [EmptyBlock]&#10;[ERROR] D:\Java\prj1\p1-Golestan\src\main\java\ir\ac\kntu\Student.java:80:13: &apos;method def&apos; child has incorrect indentation level 12, expected level should be 8. [Indentation]&#10;Audit done.&#10;" type="java.lang.AssertionError">java.lang.AssertionError: 
3 check style errors found. Starting audit...
[ERROR] D:\Java\prj1\p1-Golestan\src\main\java\ir\ac\kntu\Main.java:8:5: Method length is 182 lines (max allowed is 50). [MethodLength]
[ERROR] D:\Java\prj1\p1-Golestan\src\main\java\ir\ac\kntu\Main.java:132:40: Must have at least one statement. [EmptyBlock]
[ERROR] D:\Java\prj1\p1-Golestan\src\main\java\ir\ac\kntu\Student.java:80:13: 'method def' child has incorrect indentation level 12, expected level should be 8. [Indentation]
Audit done.

	at ir.ac.kntu.style.CheckStyleTest.testCheckStyleIndentation(CheckStyleTest.java:104)
</failure>
    <system-out><![CDATA[Root is set to "D:\Java\prj1\p1-Golestan\src\main".
Found 6 Java source files.
Found 3 check style errors.
Starting audit...
[ERROR] D:\Java\prj1\p1-Golestan\src\main\java\ir\ac\kntu\Main.java:8:5: Method length is 182 lines (max allowed is 50). [MethodLength]
[ERROR] D:\Java\prj1\p1-Golestan\src\main\java\ir\ac\kntu\Main.java:132:40: Must have at least one statement. [EmptyBlock]
[ERROR] D:\Java\prj1\p1-Golestan\src\main\java\ir\ac\kntu\Student.java:80:13: 'method def' child has incorrect indentation level 12, expected level should be 8. [Indentation]
Audit done.

]]></system-out>
  </testcase>
  <testcase name="testCheckStyleNaming" classname="ir.ac.kntu.style.CheckStyleTest" time="0.095">
    <failure message="3 check style errors found. Starting audit...&#10;[ERROR] D:\Java\prj1\p1-Golestan\src\main\java\ir\ac\kntu\CourseGroup.java:13:37: Name &apos;Schedule&apos; must match pattern &apos;^[a-z][a-zA-Z0-9]*$&apos;. [MemberName]&#10;[ERROR] D:\Java\prj1\p1-Golestan\src\main\java\ir\ac\kntu\Main.java:54:17: Name &apos;input_section&apos; must match pattern &apos;^[a-z][a-zA-Z0-9]*$&apos;. [LocalVariableName]&#10;[ERROR] D:\Java\prj1\p1-Golestan\src\main\java\ir\ac\kntu\Main.java:150:13: Name &apos;StudentOrProfessor&apos; must match pattern &apos;^[a-z][a-zA-Z0-9]*$&apos;. [LocalVariableName]&#10;Audit done.&#10;" type="java.lang.AssertionError">java.lang.AssertionError: 
3 check style errors found. Starting audit...
[ERROR] D:\Java\prj1\p1-Golestan\src\main\java\ir\ac\kntu\CourseGroup.java:13:37: Name 'Schedule' must match pattern '^[a-z][a-zA-Z0-9]*$'. [MemberName]
[ERROR] D:\Java\prj1\p1-Golestan\src\main\java\ir\ac\kntu\Main.java:54:17: Name 'input_section' must match pattern '^[a-z][a-zA-Z0-9]*$'. [LocalVariableName]
[ERROR] D:\Java\prj1\p1-Golestan\src\main\java\ir\ac\kntu\Main.java:150:13: Name 'StudentOrProfessor' must match pattern '^[a-z][a-zA-Z0-9]*$'. [LocalVariableName]
Audit done.

	at ir.ac.kntu.style.CheckStyleTest.testCheckStyleNaming(CheckStyleTest.java:175)
</failure>
    <system-out><![CDATA[Root is set to "D:\Java\prj1\p1-Golestan\src\main".
Found 6 Java source files.
Found 3 check style errors.
Starting audit...
[ERROR] D:\Java\prj1\p1-Golestan\src\main\java\ir\ac\kntu\CourseGroup.java:13:37: Name 'Schedule' must match pattern '^[a-z][a-zA-Z0-9]*$'. [MemberName]
[ERROR] D:\Java\prj1\p1-Golestan\src\main\java\ir\ac\kntu\Main.java:54:17: Name 'input_section' must match pattern '^[a-z][a-zA-Z0-9]*$'. [LocalVariableName]
[ERROR] D:\Java\prj1\p1-Golestan\src\main\java\ir\ac\kntu\Main.java:150:13: Name 'StudentOrProfessor' must match pattern '^[a-z][a-zA-Z0-9]*$'. [LocalVariableName]
Audit done.

]]></system-out>
  </testcase>
</testsuite>